
> shoothole@0.1.0 start /home/jimmy/newDisk/Repo/home
> react-scripts start

node:events:304
      throw er; // Unhandled 'error' event
      ^

Error: EBADF: bad file descriptor, read
Emitted 'error' event on ReadStream instance at:
    at emitErrorNT (node:internal/streams/destroy:188:8)
    at errorOrDestroy (node:internal/streams/destroy:251:7)
    at node:internal/fs/streams:193:9
    at FSReqCallback.wrapper [as oncomplete] (node:fs:539:5) {
  errno: -9,
  code: 'EBADF',
  syscall: 'read'
}
npm ERR! code ELIFECYCLE
npm ERR! errno 1
npm ERR! shoothole@0.1.0 start: `react-scripts start`
npm ERR! Exit status 1
npm ERR! 
npm ERR! Failed at the shoothole@0.1.0 start script.
npm ERR! This is probably not a problem with npm. There is likely additional logging output above.

npm ERR! A complete log of this run can be found in:
npm ERR!     /home/jimmy/.npm/_logs/2021-01-17T09_56_32_355Z-debug.log

> shoothole@0.1.0 start /home/jimmy/newDisk/Repo/home
> react-scripts start

node:events:304
      throw er; // Unhandled 'error' event
      ^

Error: EBADF: bad file descriptor, read
Emitted 'error' event on ReadStream instance at:
    at emitErrorNT (node:internal/streams/destroy:188:8)
    at errorOrDestroy (node:internal/streams/destroy:251:7)
    at node:internal/fs/streams:193:9
    at FSReqCallback.wrapper [as oncomplete] (node:fs:539:5) {
  errno: -9,
  code: 'EBADF',
  syscall: 'read'
}
npm ERR! code ELIFECYCLE
npm ERR! errno 1
npm ERR! shoothole@0.1.0 start: `react-scripts start`
npm ERR! Exit status 1
npm ERR! 
npm ERR! Failed at the shoothole@0.1.0 start script.
npm ERR! This is probably not a problem with npm. There is likely additional logging output above.

npm ERR! A complete log of this run can be found in:
npm ERR!     /home/jimmy/.npm/_logs/2021-01-17T09_56_37_947Z-debug.log
